[2m2025-03-10T17:19:09.688646Z[0m [31mERROR[0m [2mglazewm[0m[2m:[0m Failed to execute 'zebar'.

Error: The operation was canceled by the user. (0x800704C7)
[2m2025-03-10T18:55:04.227910Z[0m [31mERROR[0m [2mglazewm[0m[2m:[0m Failed to execute 'Start-Process $env:USERPROFILE\scoop\apps\wezterm\current\wezterm-gui.exe'.

Error: The operation was canceled by the user. (0x800704C7)
[2m2025-03-10T18:55:27.128292Z[0m [31mERROR[0m [2mglazewm[0m[2m:[0m Program path is not valid for command '$env:USERPROFILE\scoop\apps\wezterm\current\wezterm-gui.exe'.
[2m2025-03-10T18:58:02.842948Z[0m [31mERROR[0m [2mglazewm[0m[2m:[0m Command doesn't have an ending `"`: '"%USERPROFILE%/scoop/apps/wezterm/current/wezterm-gui.exe"'.
[2m2025-03-10T18:59:04.307999Z[0m [31mERROR[0m [2mglazewm[0m[2m:[0m Command doesn't have an ending `"`: '"$env:USERPROFILE\scoop\apps\wezterm\current\wezterm-gui.exe"'.
[2m2025-03-10T19:01:31.918602Z[0m [31mERROR[0m [2mglazewm[0m[2m:[0m Command doesn't have an ending `"`: '"${env:USERPROFILE}\scoop\apps\wezterm\current\wezterm-gui.exe"'.
[2m2025-03-10T19:02:00.903216Z[0m [31mERROR[0m [2mglazewm[0m[2m:[0m Program path is not valid for command '${env:USERPROFILE}\scoop\apps\wezterm\current\wezterm-gui.exe'.
[2m2025-03-10T19:03:52.337117Z[0m [31mERROR[0m [2mglazewm[0m[2m:[0m Program path is not valid for command '$($env:USERPROFILE)\scoop\apps\wezterm\current\wezterm-gui.exe'.
[2m2025-03-10T19:06:42.630920Z[0m [31mERROR[0m [2mglazewm[0m[2m:[0m keybindings[24].commands: unrecognized subcommand
 at line 256 column 15
[2m2025-03-10T19:20:09.621240Z[0m [31mERROR[0m [2mglazewm[0m[2m:[0m keybindings[24].commands: invalid type: string "exec", expected a sequence at line 256 column 15
[2m2025-03-10T19:23:12.765719Z[0m [31mERROR[0m [2mglazewm[0m[2m:[0m Command doesn't have an ending `"`: '"$env:USERPROFILE\\scoop\\apps\\wezterm\\current\\wezterm-gui.exe'.
[2m2025-03-10T19:26:13.089002Z[0m [31mERROR[0m [2mglazewm[0m[2m:[0m Program path is not valid for command '\"%USERPROFILE%\\scoop\\apps\\wezterm\\current\\wezterm-gui.exe\"'.
[2m2025-03-10T19:30:58.334872Z[0m [31mERROR[0m [2mglazewm[0m[2m:[0m keybindings[24].commands: unrecognized subcommand
 at line 256 column 15
[2m2025-03-10T19:31:50.190928Z[0m [31mERROR[0m [2mglazewm[0m[2m:[0m Command doesn't have an ending `"`: '"%USERPROFILE%"/scoop/apps/wezterm/current/wezterm-gui'.
[2m2025-03-10T20:27:05.126868Z[0m [31mERROR[0m [2mglazewm[0m[2m:[0m Invalid window handle. (0x80070578)
[2m2025-03-10T20:27:07.611089Z[0m [31mERROR[0m [2mglazewm[0m[2m:[0m Invalid window handle. (0x80070578)
[2m2025-03-10T20:27:09.032808Z[0m [31mERROR[0m [2mglazewm[0m[2m:[0m Invalid window handle. (0x80070578)
[2m2025-03-10T20:27:09.614644Z[0m [31mERROR[0m [2mglazewm[0m[2m:[0m Invalid window handle. (0x80070578)
[2m2025-03-10T20:27:10.099181Z[0m [31mERROR[0m [2mglazewm[0m[2m:[0m Invalid window handle. (0x80070578)
[2m2025-03-10T20:27:10.608278Z[0m [31mERROR[0m [2mglazewm[0m[2m:[0m Invalid window handle. (0x80070578)
[2m2025-03-10T20:27:11.087904Z[0m [31mERROR[0m [2mglazewm[0m[2m:[0m Invalid window handle. (0x80070578)
[2m2025-03-10T20:27:11.602449Z[0m [31mERROR[0m [2mglazewm[0m[2m:[0m Invalid window handle. (0x80070578)
[2m2025-03-10T20:27:12.065269Z[0m [31mERROR[0m [2mglazewm[0m[2m:[0m Invalid window handle. (0x80070578)
[2m2025-03-10T20:27:12.583440Z[0m [31mERROR[0m [2mglazewm[0m[2m:[0m Invalid window handle. (0x80070578)
[2m2025-03-10T20:27:13.018302Z[0m [31mERROR[0m [2mglazewm[0m[2m:[0m Invalid window handle. (0x80070578)
[2m2025-03-10T20:27:13.450264Z[0m [31mERROR[0m [2mglazewm[0m[2m:[0m Invalid window handle. (0x80070578)
[2m2025-03-10T20:27:13.669091Z[0m [31mERROR[0m [2mglazewm[0m[2m:[0m Invalid window handle. (0x80070578)
[2m2025-03-10T20:27:13.857661Z[0m [31mERROR[0m [2mglazewm[0m[2m:[0m Invalid window handle. (0x80070578)
[2m2025-03-10T21:58:07.321946Z[0m [31mERROR[0m [2mglazewm[0m[2m:[0m general.startup_commands: unrecognized subcommand
 at line 5 column 21
